INFO:root:Trying to OPEN file: myFile.txt
INFO:root:Open file myFile.txt successfully.
INFO:root:Tring to READ file: myFile.txt
INFO:root:Read file myFile.txt successfully.
INFO:root:Trying to CLOSE file: myFile.txt
INFO:root:Close file myFile.txt successfully.
INFO:root:Trying to OPEN file: myFile.txt
INFO:root:Open file myFile.txt successfully.
INFO:root:Trying to OPEN file: myFile.txt
INFO:root:Open file myFile.txt successfully.
INFO:root:Trying to WIRTE file:myFile.txt
INFO:root:Wirte file: myFile.txt successfully.
INFO:root:Trying to OPEN file: myFile.txt
INFO:root:Open file myFile.txt successfully.
INFO:root:Tring to READ file: myFile.txt
INFO:root:Read file myFile.txt successfully.
INFO:root:Trying to CLOSE file: myFile.txt
INFO:root:Close file myFile.txt successfully.
INFO:root:Trying to OPEN file: myFile.txt
INFO:root:Open file myFile.txt successfully.
INFO:root:Tring to READ file: myFile.txt
INFO:root:Read file myFile.txt successfully.
INFO:root:Trying to CLOSE file: myFile.txt
INFO:root:Close file myFile.txt successfully.
